<?xml version="1.0" encoding="UTF-8"?>
<!-- Generated by org.testng.reporters.JUnitReportReporter -->
<testsuite hostname="DESKTOP-8H81R92" name="com.training.sanity.tests.Uniform_TC038" tests="1" failures="0" timestamp="16 May 2020 10:57:14 GMT" time="19.852" errors="0">
  <testcase name="validLoginTest" time="19.852" classname="com.training.sanity.tests.Uniform_TC038"/>
</testsuite> <!-- com.training.sanity.tests.Uniform_TC038 -->
