<?xml version="1.0" encoding="UTF-8"?>
<!-- Generated by org.testng.reporters.JUnitReportReporter -->
<testsuite hostname="DESKTOP-8H81R92" name="com.training.sanity.tests.Uniform_TC037_LoginTests" tests="1" failures="0" timestamp="15 May 2020 19:01:26 GMT" time="13.795" errors="0">
  <testcase name="validLoginTest" time="13.795" classname="com.training.sanity.tests.Uniform_TC037_LoginTests"/>
</testsuite> <!-- com.training.sanity.tests.Uniform_TC037_LoginTests -->
