<?xml version="1.0" encoding="UTF-8"?>
<!-- Generated by org.testng.reporters.JUnitReportReporter -->
<testsuite hostname="DESKTOP-8H81R92" name="com.training.sanity.tests.Uniform_TC039" tests="1" failures="0" timestamp="16 May 2020 11:14:28 GMT" time="19.595" errors="0">
  <testcase name="validLoginTest" time="19.595" classname="com.training.sanity.tests.Uniform_TC039"/>
</testsuite> <!-- com.training.sanity.tests.Uniform_TC039 -->
